android/app/build/intermediates/manifest_merge_blame_file/debug/manifest-merger-blame-debug-report.txt
1<?xml version="1.0" encoding="utf-8"?>
2<manifest xmlns:android="http://schemas.android.com/apk/res/android"
3    package="com.firebasechatdemo"
4    android:versionCode="1"
5    android:versionName="1.0" >
6
7    <uses-sdk
8        android:minSdkVersion="16"
9        android:targetSdkVersion="29" />
10
11    <uses-permission android:name="android.permission.SYSTEM_ALERT_WINDOW" />
11-->src/debug/AndroidManifest.xml:5:5-77
11-->src/debug/AndroidManifest.xml:5:22-75
12    <uses-permission android:name="android.permission.INTERNET" />
12-->src/main/AndroidManifest.xml:4:5-67
12-->src/main/AndroidManifest.xml:4:22-64
13    <uses-permission android:name="android.permission.CAMERA" />
13-->src/main/AndroidManifest.xml:6:5-65
13-->src/main/AndroidManifest.xml:6:22-62
14    <uses-permission android:name="android.permission.WRITE_EXTERNAL_STORAGE" />
14-->src/main/AndroidManifest.xml:7:5-81
14-->src/main/AndroidManifest.xml:7:22-78
15    <uses-permission android:name="android.permission.READ_EXTERNAL_STORAGE" />
15-->src/main/AndroidManifest.xml:8:5-80
15-->src/main/AndroidManifest.xml:8:22-77
16    <uses-permission android:name="android.permission.ACCESS_WIFI_STATE" />
16-->[com.facebook.flipper:flipper:0.54.0] AndroidManifest.xml:16:5-76
16-->[com.facebook.flipper:flipper:0.54.0] AndroidManifest.xml:16:22-73
17    <uses-permission android:name="android.permission.WAKE_LOCK" />
17-->[:react-native-firebase_auth] AndroidManifest.xml:12:5-68
17-->[:react-native-firebase_auth] AndroidManifest.xml:12:22-65
18    <uses-permission android:name="android.permission.ACCESS_NETWORK_STATE" />
18-->[:react-native-firebase_auth] AndroidManifest.xml:13:5-79
18-->[:react-native-firebase_auth] AndroidManifest.xml:13:22-76
19    <uses-permission android:name="com.google.android.finsky.permission.BIND_GET_INSTALL_REFERRER_SERVICE" />
19-->[com.google.android.gms:play-services-measurement:18.0.2] AndroidManifest.xml:26:5-110
19-->[com.google.android.gms:play-services-measurement:18.0.2] AndroidManifest.xml:26:22-107
20
21    <application
21-->src/main/AndroidManifest.xml:10:5-29:19
22        android:name="com.firebasechatdemo.MainApplication"
22-->src/main/AndroidManifest.xml:11:7-38
23        android:allowBackup="false"
23-->src/main/AndroidManifest.xml:15:7-34
24        android:appComponentFactory="androidx.core.app.CoreComponentFactory"
24-->[androidx.core:core:1.1.0] AndroidManifest.xml:24:18-86
25        android:debuggable="true"
26        android:icon="@mipmap/ic_launcher"
26-->src/main/AndroidManifest.xml:13:7-41
27        android:label="@string/app_name"
27-->src/main/AndroidManifest.xml:12:7-39
28        android:roundIcon="@mipmap/ic_launcher_round"
28-->src/main/AndroidManifest.xml:14:7-52
29        android:testOnly="true"
30        android:theme="@style/AppTheme"
30-->src/main/AndroidManifest.xml:16:7-38
31        android:usesCleartextTraffic="true" >
31-->src/debug/AndroidManifest.xml:7:18-53
32        <activity
32-->src/main/AndroidManifest.xml:17:7-27:18
33            android:name="com.firebasechatdemo.MainActivity"
33-->src/main/AndroidManifest.xml:18:9-37
34            android:configChanges="keyboard|keyboardHidden|orientation|screenSize|uiMode"
34-->src/main/AndroidManifest.xml:20:9-86
35            android:label="@string/app_name"
35-->src/main/AndroidManifest.xml:19:9-41
36            android:launchMode="singleTask"
36-->src/main/AndroidManifest.xml:21:9-40
37            android:windowSoftInputMode="adjustResize" >
37-->src/main/AndroidManifest.xml:22:9-51
38            <intent-filter>
38-->src/main/AndroidManifest.xml:23:9-26:25
39                <action android:name="android.intent.action.MAIN" />
39-->src/main/AndroidManifest.xml:24:13-65
39-->src/main/AndroidManifest.xml:24:21-62
40
41                <category android:name="android.intent.category.LAUNCHER" />
41-->src/main/AndroidManifest.xml:25:13-73
41-->src/main/AndroidManifest.xml:25:23-70
42            </intent-filter>
43        </activity>
44        <activity android:name="com.facebook.react.devsupport.DevSettingsActivity" />
44-->src/main/AndroidManifest.xml:28:7-84
44-->src/main/AndroidManifest.xml:28:17-81
45        <activity
45-->[com.google.firebase:firebase-auth:20.0.2] AndroidManifest.xml:27:9-44:20
46            android:name="com.google.firebase.auth.internal.GenericIdpActivity"
46-->[com.google.firebase:firebase-auth:20.0.2] AndroidManifest.xml:28:13-80
47            android:excludeFromRecents="true"
47-->[com.google.firebase:firebase-auth:20.0.2] AndroidManifest.xml:29:13-46
48            android:exported="true"
48-->[com.google.firebase:firebase-auth:20.0.2] AndroidManifest.xml:30:13-36
49            android:launchMode="singleTask"
49-->[com.google.firebase:firebase-auth:20.0.2] AndroidManifest.xml:31:13-44
50            android:theme="@android:style/Theme.Translucent.NoTitleBar" >
50-->[com.google.firebase:firebase-auth:20.0.2] AndroidManifest.xml:32:13-72
51            <intent-filter>
51-->[com.google.firebase:firebase-auth:20.0.2] AndroidManifest.xml:33:13-43:29
52                <action android:name="android.intent.action.VIEW" />
52-->[com.google.firebase:firebase-auth:20.0.2] AndroidManifest.xml:34:17-69
52-->[com.google.firebase:firebase-auth:20.0.2] AndroidManifest.xml:34:25-66
53
54                <category android:name="android.intent.category.DEFAULT" />
54-->[com.google.firebase:firebase-auth:20.0.2] AndroidManifest.xml:36:17-76
54-->[com.google.firebase:firebase-auth:20.0.2] AndroidManifest.xml:36:27-73
55                <category android:name="android.intent.category.BROWSABLE" />
55-->[com.google.firebase:firebase-auth:20.0.2] AndroidManifest.xml:37:17-78
55-->[com.google.firebase:firebase-auth:20.0.2] AndroidManifest.xml:37:27-75
56
57                <data
57-->[com.google.firebase:firebase-auth:20.0.2] AndroidManifest.xml:39:17-42:51
58                    android:host="firebase.auth"
58-->[com.google.firebase:firebase-auth:20.0.2] AndroidManifest.xml:40:21-49
59                    android:path="/"
59-->[com.google.firebase:firebase-auth:20.0.2] AndroidManifest.xml:41:21-37
60                    android:scheme="genericidp" />
60-->[com.google.firebase:firebase-auth:20.0.2] AndroidManifest.xml:42:21-48
61            </intent-filter>
62        </activity>
63        <activity
63-->[com.google.firebase:firebase-auth:20.0.2] AndroidManifest.xml:45:9-62:20
64            android:name="com.google.firebase.auth.internal.RecaptchaActivity"
64-->[com.google.firebase:firebase-auth:20.0.2] AndroidManifest.xml:46:13-79
65            android:excludeFromRecents="true"
65-->[com.google.firebase:firebase-auth:20.0.2] AndroidManifest.xml:47:13-46
66            android:exported="true"
66-->[com.google.firebase:firebase-auth:20.0.2] AndroidManifest.xml:48:13-36
67            android:launchMode="singleTask"
67-->[com.google.firebase:firebase-auth:20.0.2] AndroidManifest.xml:49:13-44
68            android:theme="@android:style/Theme.Translucent.NoTitleBar" >
68-->[com.google.firebase:firebase-auth:20.0.2] AndroidManifest.xml:50:13-72
69            <intent-filter>
69-->[com.google.firebase:firebase-auth:20.0.2] AndroidManifest.xml:51:13-61:29
70                <action android:name="android.intent.action.VIEW" />
70-->[com.google.firebase:firebase-auth:20.0.2] AndroidManifest.xml:34:17-69
70-->[com.google.firebase:firebase-auth:20.0.2] AndroidManifest.xml:34:25-66
71
72                <category android:name="android.intent.category.DEFAULT" />
72-->[com.google.firebase:firebase-auth:20.0.2] AndroidManifest.xml:36:17-76
72-->[com.google.firebase:firebase-auth:20.0.2] AndroidManifest.xml:36:27-73
73                <category android:name="android.intent.category.BROWSABLE" />
73-->[com.google.firebase:firebase-auth:20.0.2] AndroidManifest.xml:37:17-78
73-->[com.google.firebase:firebase-auth:20.0.2] AndroidManifest.xml:37:27-75
74
75                <data
75-->[com.google.firebase:firebase-auth:20.0.2] AndroidManifest.xml:39:17-42:51
76                    android:host="firebase.auth"
76-->[com.google.firebase:firebase-auth:20.0.2] AndroidManifest.xml:40:21-49
77                    android:path="/"
77-->[com.google.firebase:firebase-auth:20.0.2] AndroidManifest.xml:41:21-37
78                    android:scheme="recaptcha" />
78-->[com.google.firebase:firebase-auth:20.0.2] AndroidManifest.xml:42:21-48
79            </intent-filter>
80        </activity>
81
82        <service
82-->[com.google.firebase:firebase-auth:20.0.2] AndroidManifest.xml:64:9-73:19
83            android:name="com.google.firebase.auth.api.fallback.service.FirebaseAuthFallbackService"
83-->[com.google.firebase:firebase-auth:20.0.2] AndroidManifest.xml:65:13-101
84            android:enabled="true"
84-->[com.google.firebase:firebase-auth:20.0.2] AndroidManifest.xml:66:13-35
85            android:exported="false" >
85-->[com.google.firebase:firebase-auth:20.0.2] AndroidManifest.xml:67:13-37
86            <intent-filter>
86-->[com.google.firebase:firebase-auth:20.0.2] AndroidManifest.xml:68:13-72:29
87                <action android:name="com.google.firebase.auth.api.gms.service.START" />
87-->[com.google.firebase:firebase-auth:20.0.2] AndroidManifest.xml:69:17-89
87-->[com.google.firebase:firebase-auth:20.0.2] AndroidManifest.xml:69:25-86
88
89                <category android:name="android.intent.category.DEFAULT" />
89-->[com.google.firebase:firebase-auth:20.0.2] AndroidManifest.xml:36:17-76
89-->[com.google.firebase:firebase-auth:20.0.2] AndroidManifest.xml:36:27-73
90            </intent-filter>
91        </service>
92        <service
92-->[com.google.firebase:firebase-auth:20.0.2] AndroidManifest.xml:74:9-80:19
93            android:name="com.google.firebase.components.ComponentDiscoveryService"
93-->[com.google.firebase:firebase-auth:20.0.2] AndroidManifest.xml:75:13-84
94            android:directBootAware="true"
94-->[com.google.firebase:firebase-common:19.5.0] AndroidManifest.xml:35:13-43
95            android:exported="false" >
95-->[com.google.firebase:firebase-auth:20.0.2] AndroidManifest.xml:76:13-37
96            <meta-data
96-->[com.google.firebase:firebase-auth:20.0.2] AndroidManifest.xml:77:13-79:85
97                android:name="com.google.firebase.components:com.google.firebase.auth.FirebaseAuthRegistrar"
97-->[com.google.firebase:firebase-auth:20.0.2] AndroidManifest.xml:78:17-109
98                android:value="com.google.firebase.components.ComponentRegistrar" />
98-->[com.google.firebase:firebase-auth:20.0.2] AndroidManifest.xml:79:17-82
99            <meta-data
99-->[com.google.firebase:firebase-database:19.6.0] AndroidManifest.xml:32:13-34:85
100                android:name="com.google.firebase.components:com.google.firebase.database.DatabaseRegistrar"
100-->[com.google.firebase:firebase-database:19.6.0] AndroidManifest.xml:33:17-109
101                android:value="com.google.firebase.components.ComponentRegistrar" />
101-->[com.google.firebase:firebase-database:19.6.0] AndroidManifest.xml:34:17-82
102            <meta-data
102-->[com.google.android.gms:play-services-measurement-api:18.0.2] AndroidManifest.xml:30:13-32:85
103                android:name="com.google.firebase.components:com.google.firebase.analytics.connector.internal.AnalyticsConnectorRegistrar"
103-->[com.google.android.gms:play-services-measurement-api:18.0.2] AndroidManifest.xml:31:17-139
104                android:value="com.google.firebase.components.ComponentRegistrar" />
104-->[com.google.android.gms:play-services-measurement-api:18.0.2] AndroidManifest.xml:32:17-82
105            <meta-data
105-->[com.google.firebase:firebase-installations:16.3.5] AndroidManifest.xml:18:13-20:85
106                android:name="com.google.firebase.components:com.google.firebase.installations.FirebaseInstallationsRegistrar"
106-->[com.google.firebase:firebase-installations:16.3.5] AndroidManifest.xml:19:17-127
107                android:value="com.google.firebase.components.ComponentRegistrar" />
107-->[com.google.firebase:firebase-installations:16.3.5] AndroidManifest.xml:20:17-82
108            <!--
109                This registrar is not defined in the dynamic-module-support sdk itself to allow non-firebase
110                clients to use it as well, by defining this registrar in their own core/common library.
111            -->
112            <meta-data
112-->[com.google.firebase:firebase-common:19.5.0] AndroidManifest.xml:43:13-45:85
113                android:name="com.google.firebase.components:com.google.firebase.dynamicloading.DynamicLoadingRegistrar"
113-->[com.google.firebase:firebase-common:19.5.0] AndroidManifest.xml:44:17-121
114                android:value="com.google.firebase.components.ComponentRegistrar" />
114-->[com.google.firebase:firebase-common:19.5.0] AndroidManifest.xml:45:17-82
115        </service>
116
117        <provider
117-->[com.google.firebase:firebase-common:19.5.0] AndroidManifest.xml:26:9-31:39
118            android:name="com.google.firebase.provider.FirebaseInitProvider"
118-->[com.google.firebase:firebase-common:19.5.0] AndroidManifest.xml:27:13-77
119            android:authorities="com.firebasechatdemo.firebaseinitprovider"
119-->[com.google.firebase:firebase-common:19.5.0] AndroidManifest.xml:28:13-72
120            android:directBootAware="true"
120-->[com.google.firebase:firebase-common:19.5.0] AndroidManifest.xml:29:13-43
121            android:exported="false"
121-->[com.google.firebase:firebase-common:19.5.0] AndroidManifest.xml:30:13-37
122            android:initOrder="100" />
122-->[com.google.firebase:firebase-common:19.5.0] AndroidManifest.xml:31:13-36
123
124        <activity
124-->[com.google.android.gms:play-services-auth:19.0.0] AndroidManifest.xml:23:9-27:75
125            android:name="com.google.android.gms.auth.api.signin.internal.SignInHubActivity"
125-->[com.google.android.gms:play-services-auth:19.0.0] AndroidManifest.xml:24:13-93
126            android:excludeFromRecents="true"
126-->[com.google.android.gms:play-services-auth:19.0.0] AndroidManifest.xml:25:13-46
127            android:exported="false"
127-->[com.google.android.gms:play-services-auth:19.0.0] AndroidManifest.xml:26:13-37
128            android:theme="@android:style/Theme.Translucent.NoTitleBar" />
128-->[com.google.android.gms:play-services-auth:19.0.0] AndroidManifest.xml:27:13-72
129        <!--
130            Service handling Google Sign-In user revocation. For apps that do not integrate with
131            Google Sign-In, this service will never be started.
132        -->
133        <service
133-->[com.google.android.gms:play-services-auth:19.0.0] AndroidManifest.xml:33:9-37:51
134            android:name="com.google.android.gms.auth.api.signin.RevocationBoundService"
134-->[com.google.android.gms:play-services-auth:19.0.0] AndroidManifest.xml:34:13-89
135            android:exported="true"
135-->[com.google.android.gms:play-services-auth:19.0.0] AndroidManifest.xml:35:13-36
136            android:permission="com.google.android.gms.auth.api.signin.permission.REVOCATION_NOTIFICATION"
136-->[com.google.android.gms:play-services-auth:19.0.0] AndroidManifest.xml:36:13-107
137            android:visibleToInstantApps="true" />
137-->[com.google.android.gms:play-services-auth:19.0.0] AndroidManifest.xml:37:13-48
138
139        <activity
139-->[com.google.android.gms:play-services-base:17.1.0] AndroidManifest.xml:23:9-26:75
140            android:name="com.google.android.gms.common.api.GoogleApiActivity"
140-->[com.google.android.gms:play-services-base:17.1.0] AndroidManifest.xml:24:13-79
141            android:exported="false"
141-->[com.google.android.gms:play-services-base:17.1.0] AndroidManifest.xml:25:13-37
142            android:theme="@android:style/Theme.Translucent.NoTitleBar" />
142-->[com.google.android.gms:play-services-base:17.1.0] AndroidManifest.xml:26:13-72
143
144        <receiver
144-->[com.google.android.gms:play-services-measurement:18.0.2] AndroidManifest.xml:29:9-33:20
145            android:name="com.google.android.gms.measurement.AppMeasurementReceiver"
145-->[com.google.android.gms:play-services-measurement:18.0.2] AndroidManifest.xml:30:13-85
146            android:enabled="true"
146-->[com.google.android.gms:play-services-measurement:18.0.2] AndroidManifest.xml:31:13-35
147            android:exported="false" >
147-->[com.google.android.gms:play-services-measurement:18.0.2] AndroidManifest.xml:32:13-37
148        </receiver>
149
150        <service
150-->[com.google.android.gms:play-services-measurement:18.0.2] AndroidManifest.xml:35:9-38:40
151            android:name="com.google.android.gms.measurement.AppMeasurementService"
151-->[com.google.android.gms:play-services-measurement:18.0.2] AndroidManifest.xml:36:13-84
152            android:enabled="true"
152-->[com.google.android.gms:play-services-measurement:18.0.2] AndroidManifest.xml:37:13-35
153            android:exported="false" />
153-->[com.google.android.gms:play-services-measurement:18.0.2] AndroidManifest.xml:38:13-37
154        <service
154-->[com.google.android.gms:play-services-measurement:18.0.2] AndroidManifest.xml:39:9-43:72
155            android:name="com.google.android.gms.measurement.AppMeasurementJobService"
155-->[com.google.android.gms:play-services-measurement:18.0.2] AndroidManifest.xml:40:13-87
156            android:enabled="true"
156-->[com.google.android.gms:play-services-measurement:18.0.2] AndroidManifest.xml:41:13-35
157            android:exported="false"
157-->[com.google.android.gms:play-services-measurement:18.0.2] AndroidManifest.xml:42:13-37
158            android:permission="android.permission.BIND_JOB_SERVICE" />
158-->[com.google.android.gms:play-services-measurement:18.0.2] AndroidManifest.xml:43:13-69
159
160        <meta-data
160-->[com.google.android.gms:play-services-basement:17.1.1] AndroidManifest.xml:23:9-25:69
161            android:name="com.google.android.gms.version"
161-->[com.google.android.gms:play-services-basement:17.1.1] AndroidManifest.xml:24:13-58
162            android:value="@integer/google_play_services_version" />
162-->[com.google.android.gms:play-services-basement:17.1.1] AndroidManifest.xml:25:13-66
163    </application>
164
165</manifest>